<?xml version="1.0" encoding="UTF-8"?>
<testsuite xmlns:xsi="http://www.w3.org/2001/XMLSchema-instance" xsi:noNamespaceSchemaLocation="https://maven.apache.org/surefire/maven-surefire-plugin/xsd/surefire-test-report-3.0.xsd" version="3.0" name="com.nhnacademy.server.method.response.impl.PortResponseTest" time="4.166" tests="5" errors="1" skipped="0" failures="0">
  <properties>
[...]
</properties>
  <testcase name="constructor" classname="com.nhnacademy.server.method.response.impl.PortResponseTest" time="0.002"/>
  <testcase name="getMethod" classname="com.nhnacademy.server.method.response.impl.PortResponseTest" time="0.0"/>
  <testcase name="validate1" classname="com.nhnacademy.server.method.response.impl.PortResponseTest" time="0.001"/>
  <testcase name="validate2" classname="com.nhnacademy.server.method.response.impl.PortResponseTest" time="0.0"/>
  <testcase name="execute1" classname="com.nhnacademy.server.method.response.impl.PortResponseTest" time="0.022">
    <error message="java.io.IOException: Cannot run program &quot;lsof&quot;: CreateProcess error=2, 지정된 파일을 찾을 수 없습니다" type="java.lang.RuntimeException"><![CDATA[java.lang.RuntimeException: java.io.IOException: Cannot run program "lsof": CreateProcess error=2, 지정된 파일을 찾을 수 없습니다
	at com.nhnacademy.server.method.response.impl.PortResponse.execute(PortResponse.java:55)
	at com.nhnacademy.server.method.response.impl.PortResponseTest.execute1(PortResponseTest.java:81)
	at java.base/java.lang.reflect.Method.invoke(Method.java:580)
	at java.base/java.util.ArrayList.forEach(ArrayList.java:1596)
	at java.base/java.util.ArrayList.forEach(ArrayList.java:1596)
Caused by: java.io.IOException: Cannot run program "lsof": CreateProcess error=2, 지정된 파일을 찾을 수 없습니다
	at java.base/java.lang.ProcessBuilder.start(ProcessBuilder.java:1170)
	at java.base/java.lang.ProcessBuilder.start(ProcessBuilder.java:1089)
	at java.base/java.lang.Runtime.exec(Runtime.java:681)
	at java.base/java.lang.Runtime.exec(Runtime.java:491)
	at java.base/java.lang.Runtime.exec(Runtime.java:366)
	at com.nhnacademy.server.method.response.impl.PortResponse.execute(PortResponse.java:36)
	... 4 more
Caused by: java.io.IOException: CreateProcess error=2, 지정된 파일을 찾을 수 없습니다
	at java.base/java.lang.ProcessImpl.create(Native Method)
	at java.base/java.lang.ProcessImpl.<init>(ProcessImpl.java:500)
	at java.base/java.lang.ProcessImpl.start(ProcessImpl.java:159)
	at java.base/java.lang.ProcessBuilder.start(ProcessBuilder.java:1126)
	... 9 more
]]></error>
  </testcase>
</testsuite>